{
  "stats": {
    "suites": 1,
    "tests": 2,
    "passes": 2,
    "pending": 0,
    "failures": 0,
    "start": "2024-04-29T03:40:57.167Z",
    "end": "2024-04-29T03:40:57.178Z",
    "duration": 11,
    "testsRegistered": 2,
    "passPercent": 100,
    "pendingPercent": 0,
    "other": 0,
    "hasOther": false,
    "skipped": 0,
    "hasSkipped": false
  },
  "results": [
    {
      "uuid": "7b855555-a422-4a97-ac32-708a4fc5c9db",
      "title": "",
      "fullFile": "C:\\Users\\Ryzen\\Documents\\proyectos\\UNIT-TESTING\\test\\numbers-validator\\isNumberEven.spec.js",
      "file": "\\test\\numbers-validator\\isNumberEven.spec.js",
      "beforeHooks": [],
      "afterHooks": [],
      "tests": [],
      "suites": [
        {
          "uuid": "5052c197-3cf6-4751-a1b0-4479a9a94ef6",
          "title": "isNumberEven positive test",
          "fullFile": "C:\\Users\\Ryzen\\Documents\\proyectos\\UNIT-TESTING\\test\\numbers-validator\\isNumberEven.spec.js",
          "file": "\\test\\numbers-validator\\isNumberEven.spec.js",
          "beforeHooks": [
            {
              "title": "\"before each\" hook in \"isNumberEven positive test\"",
              "fullTitle": "isNumberEven positive test \"before each\" hook in \"isNumberEven positive test\"",
              "timedOut": false,
              "duration": 0,
              "state": null,
              "speed": null,
              "pass": false,
              "fail": false,
              "pending": false,
              "context": null,
              "code": "// Instantiates a new NumbersValidator object before each test and assigns it to 'validator'\nvalidator = new NumbersValidator();",
              "err": {},
              "uuid": "6802d083-7d69-4ae3-a4ab-e6e6cef82050",
              "parentUUID": "5052c197-3cf6-4751-a1b0-4479a9a94ef6",
              "isHook": true,
              "skipped": false
            }
          ],
          "afterHooks": [
            {
              "title": "\"after each\" hook in \"isNumberEven positive test\"",
              "fullTitle": "isNumberEven positive test \"after each\" hook in \"isNumberEven positive test\"",
              "timedOut": false,
              "duration": 0,
              "state": null,
              "speed": null,
              "pass": false,
              "fail": false,
              "pending": false,
              "context": null,
              "code": "// Sets the validator variable to null to clean up memory after each test\nvalidator = null;",
              "err": {},
              "uuid": "23514798-4507-4172-9efc-fec03a57644b",
              "parentUUID": "5052c197-3cf6-4751-a1b0-4479a9a94ef6",
              "isHook": true,
              "skipped": false
            }
          ],
          "tests": [
            {
              "title": "should return true when provided with an even number",
              "fullTitle": "isNumberEven positive test should return true when provided with an even number",
              "timedOut": false,
              "duration": 1,
              "state": "passed",
              "speed": "fast",
              "pass": true,
              "fail": false,
              "pending": false,
              "context": null,
              "code": "// Using 'expect' to assert that the 'isNumberEven' method returns true when\n// passed the even number 4. The '.to.be.equal(true)' is the actual assertion check.\nconst validationResult = validator.isNumberEven(4);\nexpect(validationResult).to.be.equal(true);",
              "err": {},
              "uuid": "71244ca4-68c6-473e-a72b-c21a22e156a0",
              "parentUUID": "5052c197-3cf6-4751-a1b0-4479a9a94ef6",
              "isHook": false,
              "skipped": false
            },
            {
              "title": "should return false when provided with an even number",
              "fullTitle": "isNumberEven positive test should return false when provided with an even number",
              "timedOut": false,
              "duration": 1,
              "state": "passed",
              "speed": "fast",
              "pass": true,
              "fail": false,
              "pending": false,
              "context": null,
              "code": "// Using 'expect' to assert that the 'isNumberEven' method returns true when\n// passed the even number 4. The '.to.be.equal(true)' is the actual assertion check.\nconst validationResult = validator.isNumberEven(5);\nexpect(validationResult).to.be.equal(false);",
              "err": {},
              "uuid": "d290ac72-3e09-4897-a2eb-b61732d17492",
              "parentUUID": "5052c197-3cf6-4751-a1b0-4479a9a94ef6",
              "isHook": false,
              "skipped": false
            }
          ],
          "suites": [],
          "passes": [
            "71244ca4-68c6-473e-a72b-c21a22e156a0",
            "d290ac72-3e09-4897-a2eb-b61732d17492"
          ],
          "failures": [],
          "pending": [],
          "skipped": [],
          "duration": 2,
          "root": false,
          "rootEmpty": false,
          "_timeout": 2000
        }
      ],
      "passes": [],
      "failures": [],
      "pending": [],
      "skipped": [],
      "duration": 0,
      "root": true,
      "rootEmpty": true,
      "_timeout": 2000
    }
  ],
  "meta": {
    "mocha": {
      "version": "10.4.0"
    },
    "mochawesome": {
      "options": {
        "quiet": false,
        "reportFilename": "mochawesome",
        "saveHtml": true,
        "saveJson": true,
        "consoleReporter": "spec",
        "useInlineDiffs": false,
        "code": true
      },
      "version": "7.1.3"
    },
    "marge": {
      "options": null,
      "version": "6.2.0"
    }
  }
}