{
  "stats": {
    "suites": 1,
    "tests": 4,
    "passes": 4,
    "pending": 0,
    "failures": 0,
    "start": "2024-05-15T00:23:00.903Z",
    "end": "2024-05-15T00:23:00.917Z",
    "duration": 14,
    "testsRegistered": 4,
    "passPercent": 100,
    "pendingPercent": 0,
    "other": 0,
    "hasOther": false,
    "skipped": 0,
    "hasSkipped": false
  },
  "results": [
    {
      "uuid": "dfbd5aad-16d7-41f0-8ad6-00bded1d3452",
      "title": "",
      "fullFile": "C:\\Users\\Ryzen\\Documents\\proyectos\\UNIT-TESTING\\test\\numbers-validator\\isNumberEven.spec.js",
      "file": "\\test\\numbers-validator\\isNumberEven.spec.js",
      "beforeHooks": [],
      "afterHooks": [],
      "tests": [],
      "suites": [
        {
          "uuid": "ab031530-6bc6-4ec4-8962-2006fbbaf754",
          "title": "isNumberEven positive test",
          "fullFile": "C:\\Users\\Ryzen\\Documents\\proyectos\\UNIT-TESTING\\test\\numbers-validator\\isNumberEven.spec.js",
          "file": "\\test\\numbers-validator\\isNumberEven.spec.js",
          "beforeHooks": [
            {
              "title": "\"before each\" hook in \"isNumberEven positive test\"",
              "fullTitle": "isNumberEven positive test \"before each\" hook in \"isNumberEven positive test\"",
              "timedOut": false,
              "duration": 0,
              "state": null,
              "speed": null,
              "pass": false,
              "fail": false,
              "pending": false,
              "context": null,
              "code": "validator = new NumbersValidator();",
              "err": {},
              "uuid": "415dcd30-0b7f-446d-83b4-5cac58fbe165",
              "parentUUID": "ab031530-6bc6-4ec4-8962-2006fbbaf754",
              "isHook": true,
              "skipped": false
            }
          ],
          "afterHooks": [
            {
              "title": "\"after each\" hook in \"isNumberEven positive test\"",
              "fullTitle": "isNumberEven positive test \"after each\" hook in \"isNumberEven positive test\"",
              "timedOut": false,
              "duration": 0,
              "state": null,
              "speed": null,
              "pass": false,
              "fail": false,
              "pending": false,
              "context": null,
              "code": "validator = null;",
              "err": {},
              "uuid": "4b4ecada-abb6-4cfa-8bab-5e2c7aa28e47",
              "parentUUID": "ab031530-6bc6-4ec4-8962-2006fbbaf754",
              "isHook": true,
              "skipped": false
            }
          ],
          "tests": [
            {
              "title": "should check if a number is even",
              "fullTitle": "isNumberEven positive test should check if a number is even",
              "timedOut": false,
              "duration": 1,
              "state": "passed",
              "speed": "fast",
              "pass": true,
              "fail": false,
              "pending": false,
              "context": null,
              "code": "expect(validator.isNumberEven(4)).to.be.equal(true);\n    expect(validator.isNumberEven(3)).to.be.equal(false);\n    expect(() => validator.isNumberEven('4')).to.throw();",
              "err": {},
              "uuid": "f89aec1d-a709-4553-ad5d-06263b805883",
              "parentUUID": "ab031530-6bc6-4ec4-8962-2006fbbaf754",
              "isHook": false,
              "skipped": false
            },
            {
              "title": "should return an array of even numbers",
              "fullTitle": "isNumberEven positive test should return an array of even numbers",
              "timedOut": false,
              "duration": 1,
              "state": "passed",
              "speed": "fast",
              "pass": true,
              "fail": false,
              "pending": false,
              "context": null,
              "code": "const arrayOfNumbers = [1, 2, 3, 4, 5];\nconst arrayOfString = [\"1\", \"2\", \"3\", \"4\", \"5\"];\nexpect(validator.getEvenNumbersFromArray(arrayOfNumbers)).to.include.members([2, 4]);\nexpect(() => validator.getEvenNumbersFromArray(arrayOfString)).to.throw();",
              "err": {},
              "uuid": "07609758-f627-4404-ba9f-0879ca70d3e3",
              "parentUUID": "ab031530-6bc6-4ec4-8962-2006fbbaf754",
              "isHook": false,
              "skipped": false
            },
            {
              "title": "should check if all elements in an array are numbers",
              "fullTitle": "isNumberEven positive test should check if all elements in an array are numbers",
              "timedOut": false,
              "duration": 1,
              "state": "passed",
              "speed": "fast",
              "pass": true,
              "fail": false,
              "pending": false,
              "context": null,
              "code": "const arrayOfNumbers = [1, 2, 3, 4, 5];\nconst notArray = \"I am not an array\";\nexpect(validator.isAllNumbers(arrayOfNumbers)).to.be.equal(true);\nexpect(() => validator.isAllNumbers(notArray)).to.throw();",
              "err": {},
              "uuid": "212a9a6b-d819-40f1-8a28-c87cbad50e40",
              "parentUUID": "ab031530-6bc6-4ec4-8962-2006fbbaf754",
              "isHook": false,
              "skipped": false
            },
            {
              "title": "should check if a value is an integer",
              "fullTitle": "isNumberEven positive test should check if a value is an integer",
              "timedOut": false,
              "duration": 0,
              "state": "passed",
              "speed": "fast",
              "pass": true,
              "fail": false,
              "pending": false,
              "context": null,
              "code": "expect(validator.isInteger(5)).to.be.equal(true);\nexpect(validator.isInteger(5.5)).to.be.equal(false);\nexpect(() => validator.isInteger(true)).to.throw();",
              "err": {},
              "uuid": "fdd138d7-f006-4a67-a96d-516322b2fecf",
              "parentUUID": "ab031530-6bc6-4ec4-8962-2006fbbaf754",
              "isHook": false,
              "skipped": false
            }
          ],
          "suites": [],
          "passes": [
            "f89aec1d-a709-4553-ad5d-06263b805883",
            "07609758-f627-4404-ba9f-0879ca70d3e3",
            "212a9a6b-d819-40f1-8a28-c87cbad50e40",
            "fdd138d7-f006-4a67-a96d-516322b2fecf"
          ],
          "failures": [],
          "pending": [],
          "skipped": [],
          "duration": 3,
          "root": false,
          "rootEmpty": false,
          "_timeout": 2000
        }
      ],
      "passes": [],
      "failures": [],
      "pending": [],
      "skipped": [],
      "duration": 0,
      "root": true,
      "rootEmpty": true,
      "_timeout": 2000
    }
  ],
  "meta": {
    "mocha": {
      "version": "10.4.0"
    },
    "mochawesome": {
      "options": {
        "quiet": false,
        "reportFilename": "mochawesome",
        "saveHtml": true,
        "saveJson": true,
        "consoleReporter": "spec",
        "useInlineDiffs": false,
        "code": true
      },
      "version": "7.1.3"
    },
    "marge": {
      "options": null,
      "version": "6.2.0"
    }
  }
}